{"timestamp":"2026-09-24T18:45:19.819+0000","rule":{"level":3,"description":"PAM: Login session closed.","id":"5502","firedtimes":42,"mail":false,"groups":["pam","syslog"],"pci_dss":["10.2.5"],"gpg13":["7.8","7.9"],"gdpr":["IV_32.2"],"hipaa":["164.312.b"],"nist_800_53":["AU.14","AC.7"],"tsc":["CC6.8","CC7.2","CC7.3"]},"agent":{"id":"000","name":"sanji"},"manager":{"name":"sanji"},"id":"1790275519.2482526","full_log":"Sep 24 18:45:19 sanji sudo[63483]: pam_unix(sudo:session): session closed for user root","predecoder":{"program_name":"sudo","timestamp":"Sep 24 18:45:19","hostname":"sanji"},"decoder":{"parent":"pam","name":"pam"},"data":{"dstuser":"root"},"location":"journald"}
{"timestamp":"2026-09-24T18:45:19.819+0000","rule":{"level":3,"description":"PAM: Login session opened.","id":"5501","mitre":{"id":["T1078"],"tactic":["Defense Evasion","Persistence","Privilege Escalation","Initial Access"],"technique":["Valid Accounts"]},"firedtimes":43,"mail":false,"groups":["pam","syslog","authentication_success"],"pci_dss":["10.2.5"],"gpg13":["7.8","7.9"],"gdpr":["IV_32.2"],"hipaa":["164.312.b"],"nist_800_53":["AU.14","AC.7"],"tsc":["CC6.8","CC7.2","CC7.3"]},"agent":{"id":"000","name":"sanji"},"manager":{"name":"sanji"},"id":"1790275519.2482888","full_log":"Sep 24 18:45:19 sanji sudo[63483]: pam_unix(sudo:session): session opened for user root(uid=0) by (uid=1000)","predecoder":{"program_name":"sudo","timestamp":"Sep 24 18:45:19","hostname":"sanji"},"decoder":{"parent":"pam","name":"pam"},"data":{"dstuser":"root(uid=0)","uid":"1000"},"location":"journald"}
{"timestamp":"2026-09-24T18:45:19.819+0000","rule":{"level":3,"description":"PAM: Login session closed.","id":"5502","firedtimes":43,"mail":false,"groups":["pam","syslog"],"pci_dss":["10.2.5"],"gpg13":["7.8","7.9"],"gdpr":["IV_32.2"],"hipaa":["164.312.b"],"nist_800_53":["AU.14","AC.7"],"tsc":["CC6.8","CC7.2","CC7.3"]},"agent":{"id":"000","name":"sanji"},"manager":{"name":"sanji"},"id":"1790275519.2483311","full_log":"Sep 24 18:45:19 sanji sshd[63421]: pam_unix(sshd:session): session closed for user sanji","predecoder":{"program_name":"sshd","timestamp":"Sep 24 18:45:19","hostname":"sanji"},"decoder":{"parent":"pam","name":"pam"},"data":{"dstuser":"sanji"},"location":"journald"}
{"timestamp":"2026-09-24T18:45:27.017+0000","rule":{"level":3,"description":"Active response: restart-wazuh.exe - add","id":"657","firedtimes":1,"mail":false,"groups":["ossec","active_response"],"pci_dss":["11.4"],"gdpr":["IV_35.7.d"],"nist_800_53":["SI.4"],"tsc":["CC6.1","CC6.8","CC7.2","CC7.3","CC7.4"]},"agent":{"id":"002","name":"win10-clean","ip":"192.168.1.50"},"manager":{"name":"sanji"},"id":"1790275527.2483675","full_log":"2026/09/24 11:44:34 active-response/bin/restart-wazuh.exe: {\"version\":1,\"origin\":{\"name\":\"\",\"module\":\"wazuh-execd\"},\"command\":\"add\",\"parameters\":{\"extra_args\":[],\"alert\":{},\"program\":\"restart-wazuh.exe\"}}","decoder":{"parent":"ar_log_json","name":"ar_log_json"},"data":{"version":"1","origin":{"module":"wazuh-execd"},"command":"add","parameters":{"extra_args":[],"program":"restart-wazuh.exe"}},"location":"active-response\\active-responses.log"}
{"timestamp":"2026-09-24T18:45:27.486+0000","rule":{"level":3,"description":"Wazuh agent stopped.","id":"506","mitre":{"id":["T1562.001"],"tactic":["Defense Evasion"],"technique":["Disable or Modify Tools"]},"firedtimes":2,"mail":false,"groups":["ossec"],"pci_dss":["10.6.1","10.2.6"],"gpg13":["10.1"],"gdpr":["IV_35.7.d"],"hipaa":["164.312.b"],"nist_800_53":["AU.6","AU.14","AU.5"],"tsc":["CC7.2","CC7.3","CC6.8"]},"agent":{"id":"002","name":"win10-clean","ip":"192.168.1.50"},"manager":{"name":"sanji"},"id":"1790275527.2484288","full_log":"ossec: Agent stopped: 'win10-clean->any'.","decoder":{"parent":"ossec","name":"ossec"},"data":{"extra_data":"win10-clean->any"},"location":"wazuh-remoted"}
{"timestamp":"2026-09-24T18:45:38.148+0000","rule":{"level":3,"description":"Wazuh agent started.","id":"503","firedtimes":2,"mail":false,"groups":["ossec"],"pci_dss":["10.6.1","10.2.6"],"gpg13":["10.1"],"gdpr":["IV_35.7.d"],"hipaa":["164.312.b"],"nist_800_53":["AU.6","AU.14","AU.5"],"tsc":["CC7.2","CC7.3","CC6.8"]},"agent":{"id":"002","name":"win10-clean","ip":"192.168.1.50"},"manager":{"name":"sanji"},"id":"1790275538.2484623","full_log":"ossec: Agent started: 'win10-clean->any'.","decoder":{"parent":"ossec","name":"ossec"},"data":{"extra_data":"win10-clean->any"},"location":"wazuh-agent"}
{"timestamp":"2026-09-24T18:46:11.869+0000","rule":{"level":3,"description":"sshd: authentication success.","id":"5715","mitre":{"id":["T1078","T1021"],"tactic":["Defense Evasion","Persistence","Privilege Escalation","Initial Access","Lateral Movement"],"technique":["Valid Accounts","Remote Services"]},"firedtimes":24,"mail":false,"groups":["syslog","sshd","authentication_success"],"gdpr":["IV_32.2"],"gpg13":["7.1","7.2"],"hipaa":["164.312.b"],"nist_800_53":["AU.14","AC.7"],"pci_dss":["10.2.5"],"tsc":["CC6.8","CC7.2","CC7.3"]},"agent":{"id":"000","name":"sanji"},"manager":{"name":"sanji"},"id":"1790275571.2484956","full_log":"Sep 24 18:46:10 sanji sshd[63490]: Accepted password for sanji from 192.168.1.37 port 52368 ssh2","predecoder":{"program_name":"sshd","timestamp":"Sep 24 18:46:10","hostname":"sanji"},"decoder":{"parent":"sshd","name":"sshd"},"data":{"srcip":"192.168.1.37","srcport":"52368","dstuser":"sanji"},"location":"journald"}
{"timestamp":"2026-09-24T18:46:11.869+0000","rule":{"level":3,"description":"PAM: Login session opened.","id":"5501","mitre":{"id":["T1078"],"tactic":["Defense Evasion","Persistence","Privilege Escalation","Initial Access"],"technique":["Valid Accounts"]},"firedtimes":44,"mail":false,"groups":["pam","syslog","authentication_success"],"pci_dss":["10.2.5"],"gpg13":["7.8","7.9"],"gdpr":["IV_32.2"],"hipaa":["164.312.b"],"nist_800_53":["AU.14","AC.7"],"tsc":["CC6.8","CC7.2","CC7.3"]},"agent":{"id":"000","name":"sanji"},"manager":{"name":"sanji"},"id":"1790275571.2485392","full_log":"Sep 24 18:46:10 sanji sshd[63490]: pam_unix(sshd:session): session opened for user sanji(uid=1000) by (uid=0)","predecoder":{"program_name":"sshd","timestamp":"Sep 24 18:46:10","hostname":"sanji"},"decoder":{"parent":"pam","name":"pam"},"data":{"dstuser":"sanji(uid=1000)","uid":"0"},"location":"journald"}
{"timestamp":"2026-09-24T18:46:11.869+0000","rule":{"level":3,"description":"Successful sudo to ROOT executed.","id":"5402","mitre":{"id":["T1548.003"],"tactic":["Privilege Escalation","Defense Evasion"],"technique":["Sudo and Sudo Caching"]},"firedtimes":21,"mail":false,"groups":["syslog","sudo"],"pci_dss":["10.2.5","10.2.2"],"gpg13":["7.6","7.8","7.13"],"gdpr":["IV_32.2"],"hipaa":["164.312.b"],"nist_800_53":["AU.14","AC.7","AC.6"],"tsc":["CC6.8","CC7.2","CC7.3"]},"agent":{"id":"000","name":"sanji"},"manager":{"name":"sanji"},"id":"1790275571.2485817","full_log":"Sep 24 18:46:10 sanji sudo[63542]:    sanji : PWD=/home/sanji ; USER=root ; COMMAND=/usr/bin/tail -n 25 /var/ossec/logs/alerts/alerts.log","predecoder":{"program_name":"sudo","timestamp":"Sep 24 18:46:10","hostname":"sanji"},"decoder":{"parent":"sudo","name":"sudo","ftscomment":"First time user executed the sudo command"},"data":{"srcuser":"sanji","dstuser":"root","pwd":"/home/sanji","command":"/usr/bin/tail -n 25 /var/ossec/logs/alerts/alerts.log"},"location":"journald"}
{"timestamp":"2026-09-24T18:46:11.869+0000","rule":{"level":3,"description":"PAM: Login session closed.","id":"5502","firedtimes":44,"mail":false,"groups":["pam","syslog"],"pci_dss":["10.2.5"],"gpg13":["7.8","7.9"],"gdpr":["IV_32.2"],"hipaa":["164.312.b"],"nist_800_53":["AU.14","AC.7"],"tsc":["CC6.8","CC7.2","CC7.3"]},"agent":{"id":"000","name":"sanji"},"manager":{"name":"sanji"},"id":"1790275571.2486360","full_log":"Sep 24 18:46:10 sanji sudo[63542]: pam_unix(sudo:session): session closed for user root","predecoder":{"program_name":"sudo","timestamp":"Sep 24 18:46:10","hostname":"sanji"},"decoder":{"parent":"pam","name":"pam"},"data":{"dstuser":"root"},"location":"journald"}
{"timestamp":"2026-09-24T18:46:11.869+0000","rule":{"level":3,"description":"PAM: Login session opened.","id":"5501","mitre":{"id":["T1078"],"tactic":["Defense Evasion","Persistence","Privilege Escalation","Initial Access"],"technique":["Valid Accounts"]},"firedtimes":45,"mail":false,"groups":["pam","syslog","authentication_success"],"pci_dss":["10.2.5"],"gpg13":["7.8","7.9"],"gdpr":["IV_32.2"],"hipaa":["164.312.b"],"nist_800_53":["AU.14","AC.7"],"tsc":["CC6.8","CC7.2","CC7.3"]},"agent":{"id":"000","name":"sanji"},"manager":{"name":"sanji"},"id":"1790275571.2486722","full_log":"Sep 24 18:46:10 sanji sudo[63542]: pam_unix(sudo:session): session opened for user root(uid=0) by (uid=1000)","predecoder":{"program_name":"sudo","timestamp":"Sep 24 18:46:10","hostname":"sanji"},"decoder":{"parent":"pam","name":"pam"},"data":{"dstuser":"root(uid=0)","uid":"1000"},"location":"journald"}
{"timestamp":"2026-09-24T18:46:11.869+0000","rule":{"level":3,"description":"PAM: Login session closed.","id":"5502","firedtimes":45,"mail":false,"groups":["pam","syslog"],"pci_dss":["10.2.5"],"gpg13":["7.8","7.9"],"gdpr":["IV_32.2"],"hipaa":["164.312.b"],"nist_800_53":["AU.14","AC.7"],"tsc":["CC6.8","CC7.2","CC7.3"]},"agent":{"id":"000","name":"sanji"},"manager":{"name":"sanji"},"id":"1790275571.2487145","full_log":"Sep 24 18:46:10 sanji sshd[63490]: pam_unix(sshd:session): session closed for user sanji","predecoder":{"program_name":"sshd","timestamp":"Sep 24 18:46:10","hostname":"sanji"},"decoder":{"parent":"pam","name":"pam"},"data":{"dstuser":"sanji"},"location":"journald"}
{"timestamp":"2026-09-24T18:46:21.877+0000","rule":{"level":3,"description":"PAM: Login session opened.","id":"5501","mitre":{"id":["T1078"],"tactic":["Defense Evasion","Persistence","Privilege Escalation","Initial Access"],"technique":["Valid Accounts"]},"firedtimes":46,"mail":false,"groups":["pam","syslog","authentication_success"],"pci_dss":["10.2.5"],"gpg13":["7.8","7.9"],"gdpr":["IV_32.2"],"hipaa":["164.312.b"],"nist_800_53":["AU.14","AC.7"],"tsc":["CC6.8","CC7.2","CC7.3"]},"agent":{"id":"000","name":"sanji"},"manager":{"name":"sanji"},"id":"1790275581.2487509","full_log":"Sep 24 18:46:20 sanji sshd[63544]: pam_unix(sshd:session): session opened for user sanji(uid=1000) by (uid=0)","predecoder":{"program_name":"sshd","timestamp":"Sep 24 18:46:20","hostname":"sanji"},"decoder":{"parent":"pam","name":"pam"},"data":{"dstuser":"sanji(uid=1000)","uid":"0"},"location":"journald"}
{"timestamp":"2026-09-24T18:46:21.877+0000","rule":{"level":3,"description":"sshd: authentication success.","id":"5715","mitre":{"id":["T1078","T1021"],"tactic":["Defense Evasion","Persistence","Privilege Escalation","Initial Access","Lateral Movement"],"technique":["Valid Accounts","Remote Services"]},"firedtimes":25,"mail":false,"groups":["syslog","sshd","authentication_success"],"gdpr":["IV_32.2"],"gpg13":["7.1","7.2"],"hipaa":["164.312.b"],"nist_800_53":["AU.14","AC.7"],"pci_dss":["10.2.5"],"tsc":["CC6.8","CC7.2","CC7.3"]},"agent":{"id":"000","name":"sanji"},"manager":{"name":"sanji"},"id":"1790275581.2487934","full_log":"Sep 24 18:46:20 sanji sshd[63544]: Accepted password for sanji from 192.168.1.37 port 50614 ssh2","predecoder":{"program_name":"sshd","timestamp":"Sep 24 18:46:20","hostname":"sanji"},"decoder":{"parent":"sshd","name":"sshd"},"data":{"srcip":"192.168.1.37","srcport":"50614","dstuser":"sanji"},"location":"journald"}
{"timestamp":"2026-09-24T18:46:21.877+0000","rule":{"level":3,"description":"PAM: Login session opened.","id":"5501","mitre":{"id":["T1078"],"tactic":["Defense Evasion","Persistence","Privilege Escalation","Initial Access"],"technique":["Valid Accounts"]},"firedtimes":47,"mail":false,"groups":["pam","syslog","authentication_success"],"pci_dss":["10.2.5"],"gpg13":["7.8","7.9"],"gdpr":["IV_32.2"],"hipaa":["164.312.b"],"nist_800_53":["AU.14","AC.7"],"tsc":["CC6.8","CC7.2","CC7.3"]},"agent":{"id":"000","name":"sanji"},"manager":{"name":"sanji"},"id":"1790275581.2488370","full_log":"Sep 24 18:46:21 sanji sudo[63606]: pam_unix(sudo:session): session opened for user root(uid=0) by (uid=1000)","predecoder":{"program_name":"sudo","timestamp":"Sep 24 18:46:21","hostname":"sanji"},"decoder":{"parent":"pam","name":"pam"},"data":{"dstuser":"root(uid=0)","uid":"1000"},"location":"journald"}
{"timestamp":"2026-09-24T18:46:21.877+0000","rule":{"level":3,"description":"PAM: Login session closed.","id":"5502","firedtimes":46,"mail":false,"groups":["pam","syslog"],"pci_dss":["10.2.5"],"gpg13":["7.8","7.9"],"gdpr":["IV_32.2"],"hipaa":["164.312.b"],"nist_800_53":["AU.14","AC.7"],"tsc":["CC6.8","CC7.2","CC7.3"]},"agent":{"id":"000","name":"sanji"},"manager":{"name":"sanji"},"id":"1790275581.2488793","full_log":"Sep 24 18:46:21 sanji sudo[63606]: pam_unix(sudo:session): session closed for user root","predecoder":{"program_name":"sudo","timestamp":"Sep 24 18:46:21","hostname":"sanji"},"decoder":{"parent":"pam","name":"pam"},"data":{"dstuser":"root"},"location":"journald"}
{"timestamp":"2026-09-24T18:46:21.877+0000","rule":{"level":3,"description":"Successful sudo to ROOT executed.","id":"5402","mitre":{"id":["T1548.003"],"tactic":["Privilege Escalation","Defense Evasion"],"technique":["Sudo and Sudo Caching"]},"firedtimes":22,"mail":false,"groups":["syslog","sudo"],"pci_dss":["10.2.5","10.2.2"],"gpg13":["7.6","7.8","7.13"],"gdpr":["IV_32.2"],"hipaa":["164.312.b"],"nist_800_53":["AU.14","AC.7","AC.6"],"tsc":["CC6.8","CC7.2","CC7.3"]},"agent":{"id":"000","name":"sanji"},"manager":{"name":"sanji"},"id":"1790275581.2489155","full_log":"Sep 24 18:46:21 sanji sudo[63606]:    sanji : PWD=/home/sanji ; USER=root ; COMMAND=/var/ossec/bin/agent_control -l","predecoder":{"program_name":"sudo","timestamp":"Sep 24 18:46:21","hostname":"sanji"},"decoder":{"parent":"sudo","name":"sudo","ftscomment":"First time user executed the sudo command"},"data":{"srcuser":"sanji","dstuser":"root","pwd":"/home/sanji","command":"/var/ossec/bin/agent_control -l"},"location":"journald"}
{"timestamp":"2026-09-24T18:46:21.877+0000","rule":{"level":3,"description":"PAM: Login session closed.","id":"5502","firedtimes":47,"mail":false,"groups":["pam","syslog"],"pci_dss":["10.2.5"],"gpg13":["7.8","7.9"],"gdpr":["IV_32.2"],"hipaa":["164.312.b"],"nist_800_53":["AU.14","AC.7"],"tsc":["CC6.8","CC7.2","CC7.3"]},"agent":{"id":"000","name":"sanji"},"manager":{"name":"sanji"},"id":"1790275581.2489654","full_log":"Sep 24 18:46:21 sanji sshd[63544]: pam_unix(sshd:session): session closed for user sanji","predecoder":{"program_name":"sshd","timestamp":"Sep 24 18:46:21","hostname":"sanji"},"decoder":{"parent":"pam","name":"pam"},"data":{"dstuser":"sanji"},"location":"journald"}
{"timestamp":"2026-09-24T18:49:48.345+0000","rule":{"level":5,"description":"Domain Users Group Changed","id":"60160","mitre":{"id":["T1484"],"tactic":["Defense Evasion","Privilege Escalation"],"technique":["Domain Policy Modification"]},"firedtimes":1,"mail":false,"groups":["windows","windows_security","group_changed","win_group_changed"],"pci_dss":["8.1.2","10.2.5"],"gpg13":["7.10"],"gdpr":["IV_35.7.d","IV_32.2"],"hipaa":["164.312.a.2.I","164.312.a.2.II","164.312.b"],"nist_800_53":["AC.2","IA.4","AU.14","AC.7"],"tsc":["CC6.8","CC7.2","CC7.3"]},"agent":{"id":"002","name":"win10-clean","ip":"192.168.1.50"},"manager":{"name":"sanji"},"id":"1790275788.2490018","decoder":{"name":"windows_eventchannel"},"data":{"win":{"system":{"providerName":"Microsoft-Windows-Security-Auditing","providerGuid":"{54849625-5478-4994-a5ba-3e3b0328c30d}","eventID":"4728","version":"0","level":"0","task":"13826","opcode":"0","keywords":"0x8020000000000000","systemTime":"2026-09-24T18:48:52.1072103Z","eventRecordID":"954","processID":"632","threadID":"2248","channel":"Security","computer":"win10-clean","severityValue":"AUDIT_SUCCESS","message":"\"A member was added to a security-enabled global group.\r\n\r\nSubject:\r\n\tSecurity ID:\t\tS-1-5-21-365683523-1018791215-68183753-1000\r\n\tAccount Name:\t\tsanji\r\n\tAccount Domain:\t\tWIN10-CLEAN\r\n\tLogon ID:\t\t0x2CA80\r\n\r\nMember:\r\n\tSecurity ID:\t\tS-1-5-21-365683523-1018791215-68183753-1001\r\n\tAccount Name:\t\t-\r\n\r\nGroup:\r\n\tSecurity ID:\t\tS-1-5-21-365683523-1018791215-68183753-513\r\n\tGroup Name:\t\tNone\r\n\tGroup Domain:\t\tWIN10-CLEAN\r\n\r\nAdditional Information:\r\n\tPrivileges:\t\t-\""},"eventdata":{"memberSid":"S-1-5-21-365683523-1018791215-68183753-1001","targetUserName":"None","targetDomainName":"WIN10-CLEAN","targetSid":"S-1-5-21-365683523-1018791215-68183753-513","subjectUserSid":"S-1-5-21-365683523-1018791215-68183753-1000","subjectUserName":"sanji","subjectDomainName":"WIN10-CLEAN","subjectLogonId":"0x2ca80"}}},"location":"EventChannel"}
{"timestamp":"2026-09-24T18:49:48.346+0000","rule":{"level":8,"description":"User account enabled or created","id":"60109","mitre":{"id":["T1098"],"tactic":["Persistence"],"technique":["Account Manipulation"]},"firedtimes":1,"mail":false,"groups":["windows","windows_security","adduser","account_changed"],"pci_dss":["8.1.2","10.2.5"],"gpg13":["7.10"],"gdpr":["IV_35.7.d","IV_32.2"],"hipaa":["164.312.a.2.I","164.312.a.2.II","164.312.b"],"nist_800_53":["AC.2","IA.4","AU.14","AC.7"],"tsc":["CC6.8","CC7.2","CC7.3"]},"agent":{"id":"002","name":"win10-clean","ip":"192.168.1.50"},"manager":{"name":"sanji"},"id":"1790275788.2493122","decoder":{"name":"windows_eventchannel"},"data":{"win":{"system":{"providerName":"Microsoft-Windows-Security-Auditing","providerGuid":"{54849625-5478-4994-a5ba-3e3b0328c30d}","eventID":"4720","version":"0","level":"0","task":"13824","opcode":"0","keywords":"0x8020000000000000","systemTime":"2026-09-24T18:48:52.1084009Z","eventRecordID":"955","processID":"632","threadID":"2248","channel":"Security","computer":"win10-clean","severityValue":"AUDIT_SUCCESS","message":"\"A user account was created.\r\n\r\nSubject:\r\n\tSecurity ID:\t\tS-1-5-21-365683523-1018791215-68183753-1000\r\n\tAccount Name:\t\tsanji\r\n\tAccount Domain:\t\tWIN10-CLEAN\r\n\tLogon ID:\t\t0x2CA80\r\n\r\nNew Account:\r\n\tSecurity ID:\t\tS-1-5-21-365683523-1018791215-68183753-1001\r\n\tAccount Name:\t\thacker_account\r\n\tAccount Domain:\t\tWIN10-CLEAN\r\n\r\nAttributes:\r\n\tSAM Account Name:\thacker_account\r\n\tDisplay Name:\t\t<value not set>\r\n\tUser Principal Name:\t-\r\n\tHome Directory:\t\t<value not set>\r\n\tHome Drive:\t\t<value not set>\r\n\tScript Path:\t\t<value not set>\r\n\tProfile Path:\t\t<value not set>\r\n\tUser Workstations:\t<value not set>\r\n\tPassword Last Set:\t<never>\r\n\tAccount Expires:\t\t<never>\r\n\tPrimary Group ID:\t513\r\n\tAllowed To Delegate To:\t-\r\n\tOld UAC Value:\t\t0x0\r\n\tNew UAC Value:\t\t0x15\r\n\tUser Account Control:\t\r\n\t\tAccount Disabled\r\n\t\t'Password Not Required' - Enabled\r\n\t\t'Normal Account' - Enabled\r\n\tUser Parameters:\t<value not set>\r\n\tSID History:\t\t-\r\n\tLogon Hours:\t\tAll\r\n\r\nAdditional Information:\r\n\tPrivileges\t\t-\""},"eventdata":{"targetUserName":"hacker_account","targetDomainName":"WIN10-CLEAN","targetSid":"S-1-5-21-365683523-1018791215-68183753-1001","subjectUserSid":"S-1-5-21-365683523-1018791215-68183753-1000","subjectUserName":"sanji","subjectDomainName":"WIN10-CLEAN","subjectLogonId":"0x2ca80","samAccountName":"hacker_account","displayName":"%%1793","homeDirectory":"%%1793","homePath":"%%1793","scriptPath":"%%1793","profilePath":"%%1793","userWorkstations":"%%1793","passwordLastSet":"%%1794","accountExpires":"%%1794","primaryGroupId":"513","oldUacValue":"0x0","newUacValue":"0x15","userAccountControl":"    %%2080    %%2082    %%2084","userParameters":"%%1793","logonHours":"%%1797"}}},"location":"EventChannel"}
{"timestamp":"2026-09-24T18:49:48.360+0000","rule":{"level":8,"description":"User account enabled or created","id":"60109","mitre":{"id":["T1098"],"tactic":["Persistence"],"technique":["Account Manipulation"]},"firedtimes":2,"mail":false,"groups":["windows","windows_security","adduser","account_changed"],"pci_dss":["8.1.2","10.2.5"],"gpg13":["7.10"],"gdpr":["IV_35.7.d","IV_32.2"],"hipaa":["164.312.a.2.I","164.312.a.2.II","164.312.b"],"nist_800_53":["AC.2","IA.4","AU.14","AC.7"],"tsc":["CC6.8","CC7.2","CC7.3"]},"agent":{"id":"002","name":"win10-clean","ip":"192.168.1.50"},"manager":{"name":"sanji"},"id":"1790275788.2498191","decoder":{"name":"windows_eventchannel"},"data":{"win":{"system":{"providerName":"Microsoft-Windows-Security-Auditing","providerGuid":"{54849625-5478-4994-a5ba-3e3b0328c30d}","eventID":"4722","version":"0","level":"0","task":"13824","opcode":"0","keywords":"0x8020000000000000","systemTime":"2026-09-24T18:48:52.1209565Z","eventRecordID":"956","processID":"632","threadID":"2248","channel":"Security","computer":"win10-clean","severityValue":"AUDIT_SUCCESS","message":"\"A user account was enabled.\r\n\r\nSubject:\r\n\tSecurity ID:\t\tS-1-5-21-365683523-1018791215-68183753-1000\r\n\tAccount Name:\t\tsanji\r\n\tAccount Domain:\t\tWIN10-CLEAN\r\n\tLogon ID:\t\t0x2CA80\r\n\r\nTarget Account:\r\n\tSecurity ID:\t\tS-1-5-21-365683523-1018791215-68183753-1001\r\n\tAccount Name:\t\thacker_account\r\n\tAccount Domain:\t\tWIN10-CLEAN\""},"eventdata":{"targetUserName":"hacker_account","targetDomainName":"WIN10-CLEAN","targetSid":"S-1-5-21-365683523-1018791215-68183753-1001","subjectUserSid":"S-1-5-21-365683523-1018791215-68183753-1000","subjectUserName":"sanji","subjectDomainName":"WIN10-CLEAN","subjectLogonId":"0x2ca80"}}},"location":"EventChannel"}
{"timestamp":"2026-09-24T18:49:48.377+0000","rule":{"level":8,"description":"User account changed","id":"60110","mitre":{"id":["T1098"],"tactic":["Persistence"],"technique":["Account Manipulation"]},"firedtimes":1,"mail":false,"groups":["windows","windows_security","account_changed"],"pci_dss":["8.1.2","10.2.5"],"gpg13":["7.10"],"gdpr":["IV_35.7.d","IV_32.2"],"hipaa":["164.312.a.2.I","164.312.a.2.II","164.312.b"],"nist_800_53":["AC.2","IA.4","AU.14","AC.7"],"tsc":["CC6.8","CC7.2","CC7.3"]},"agent":{"id":"002","name":"win10-clean","ip":"192.168.1.50"},"manager":{"name":"sanji"},"id":"1790275788.2500890","decoder":{"name":"windows_eventchannel"},"data":{"win":{"system":{"providerName":"Microsoft-Windows-Security-Auditing","providerGuid":"{54849625-5478-4994-a5ba-3e3b0328c30d}","eventID":"4738","version":"0","level":"0","task":"13824","opcode":"0","keywords":"0x8020000000000000","systemTime":"2026-09-24T18:48:52.1210712Z","eventRecordID":"957","processID":"632","threadID":"2248","channel":"Security","computer":"win10-clean","severityValue":"AUDIT_SUCCESS","message":"\"A user account was changed.\r\n\r\nSubject:\r\n\tSecurity ID:\t\tS-1-5-21-365683523-1018791215-68183753-1000\r\n\tAccount Name:\t\tsanji\r\n\tAccount Domain:\t\tWIN10-CLEAN\r\n\tLogon ID:\t\t0x2CA80\r\n\r\nTarget Account:\r\n\tSecurity ID:\t\tS-1-5-21-365683523-1018791215-68183753-1001\r\n\tAccount Name:\t\thacker_account\r\n\tAccount Domain:\t\tWIN10-CLEAN\r\n\r\nChanged Attributes:\r\n\tSAM Account Name:\thacker_account\r\n\tDisplay Name:\t\t<value not set>\r\n\tUser Principal Name:\t-\r\n\tHome Directory:\t\t<value not set>\r\n\tHome Drive:\t\t<value not set>\r\n\tScript Path:\t\t<value not set>\r\n\tProfile Path:\t\t<value not set>\r\n\tUser Workstations:\t<value not set>\r\n\tPassword Last Set:\t9/24/2026 11:48:52 AM\r\n\tAccount Expires:\t\t<never>\r\n\tPrimary Group ID:\t513\r\n\tAllowedToDelegateTo:\t-\r\n\tOld UAC Value:\t\t0x15\r\n\tNew UAC Value:\t\t0x10\r\n\tUser Account Control:\t\r\n\t\tAccount Enabled\r\n\t\t'Password Not Required' - Disabled\r\n\tUser Parameters:\t-\r\n\tSID History:\t\t-\r\n\tLogon Hours:\t\tAll\r\n\r\nAdditional Information:\r\n\tPrivileges:\t\t-\""},"eventdata":{"targetUserName":"hacker_account","targetDomainName":"WIN10-CLEAN","targetSid":"S-1-5-21-365683523-1018791215-68183753-1001","subjectUserSid":"S-1-5-21-365683523-1018791215-68183753-1000","subjectUserName":"sanji","subjectDomainName":"WIN10-CLEAN","subjectLogonId":"0x2ca80","samAccountName":"hacker_account","displayName":"%%1793","homeDirectory":"%%1793","homePath":"%%1793","scriptPath":"%%1793","profilePath":"%%1793","userWorkstations":"%%1793","passwordLastSet":"9/24/2026 11:48:52 AM","accountExpires":"%%1794","primaryGroupId":"513","oldUacValue":"0x15","newUacValue":"0x10","userAccountControl":"    %%2048    %%2050","logonHours":"%%1797"}}},"location":"EventChannel"}
{"timestamp":"2026-09-24T18:49:48.409+0000","rule":{"level":5,"description":"Users Group Changed","id":"60170","mitre":{"id":["T1484"],"tactic":["Defense Evasion","Privilege Escalation"],"technique":["Domain Policy Modification"]},"firedtimes":1,"mail":false,"groups":["windows","windows_security","group_changed","win_group_changed"],"pci_dss":["8.1.2","10.2.5"],"gpg13":["7.10"],"gdpr":["IV_35.7.d","IV_32.2"],"hipaa":["164.312.a.2.I","164.312.a.2.II","164.312.b"],"nist_800_53":["AC.2","IA.4","AU.14","AC.7"],"tsc":["CC6.8","CC7.2","CC7.3"]},"agent":{"id":"002","name":"win10-clean","ip":"192.168.1.50"},"manager":{"name":"sanji"},"id":"1790275788.2505845","decoder":{"name":"windows_eventchannel"},"data":{"win":{"system":{"providerName":"Microsoft-Windows-Security-Auditing","providerGuid":"{54849625-5478-4994-a5ba-3e3b0328c30d}","eventID":"4732","version":"0","level":"0","task":"13826","opcode":"0","keywords":"0x8020000000000000","systemTime":"2026-09-24T18:48:52.1260003Z","eventRecordID":"959","processID":"632","threadID":"2248","channel":"Security","computer":"win10-clean","severityValue":"AUDIT_SUCCESS","message":"\"A member was added to a security-enabled local group.\r\n\r\nSubject:\r\n\tSecurity ID:\t\tS-1-5-21-365683523-1018791215-68183753-1000\r\n\tAccount Name:\t\tsanji\r\n\tAccount Domain:\t\tWIN10-CLEAN\r\n\tLogon ID:\t\t0x2CA80\r\n\r\nMember:\r\n\tSecurity ID:\t\tS-1-5-21-365683523-1018791215-68183753-1001\r\n\tAccount Name:\t\t-\r\n\r\nGroup:\r\n\tSecurity ID:\t\tS-1-5-32-545\r\n\tGroup Name:\t\tUsers\r\n\tGroup Domain:\t\tBuiltin\r\n\r\nAdditional Information:\r\n\tPrivileges:\t\t-\""},"eventdata":{"memberSid":"S-1-5-21-365683523-1018791215-68183753-1001","targetUserName":"Users","targetDomainName":"Builtin","targetSid":"S-1-5-32-545","subjectUserSid":"S-1-5-21-365683523-1018791215-68183753-1000","subjectUserName":"sanji","subjectDomainName":"WIN10-CLEAN","subjectLogonId":"0x2ca80"}}},"location":"EventChannel"}
{"timestamp":"2026-09-24T18:49:53.531+0000","rule":{"level":12,"description":"Administrators Group Changed","id":"60154","mitre":{"id":["T1484"],"tactic":["Defense Evasion","Privilege Escalation"],"technique":["Domain Policy Modification"]},"firedtimes":1,"mail":true,"groups":["windows","windows_security","group_changed","win_group_changed"],"pci_dss":["8.1.2","10.2.5"],"gpg13":["7.10"],"gdpr":["IV_35.7.d","IV_32.2"],"hipaa":["164.312.a.2.I","164.312.a.2.II","164.312.b"],"nist_800_53":["AC.2","IA.4","AU.14","AC.7"],"tsc":["CC6.8","CC7.2","CC7.3"]},"agent":{"id":"002","name":"win10-clean","ip":"192.168.1.50"},"manager":{"name":"sanji"},"id":"1790275793.2508808","decoder":{"name":"windows_eventchannel"},"data":{"win":{"system":{"providerName":"Microsoft-Windows-Security-Auditing","providerGuid":"{54849625-5478-4994-a5ba-3e3b0328c30d}","eventID":"4732","version":"0","level":"0","task":"13826","opcode":"0","keywords":"0x8020000000000000","systemTime":"2026-09-24T18:48:57.1460300Z","eventRecordID":"960","processID":"632","threadID":"2248","channel":"Security","computer":"win10-clean","severityValue":"AUDIT_SUCCESS","message":"\"A member was added to a security-enabled local group.\r\n\r\nSubject:\r\n\tSecurity ID:\t\tS-1-5-21-365683523-1018791215-68183753-1000\r\n\tAccount Name:\t\tsanji\r\n\tAccount Domain:\t\tWIN10-CLEAN\r\n\tLogon ID:\t\t0x2CA80\r\n\r\nMember:\r\n\tSecurity ID:\t\tS-1-5-21-365683523-1018791215-68183753-1001\r\n\tAccount Name:\t\t-\r\n\r\nGroup:\r\n\tSecurity ID:\t\tS-1-5-32-544\r\n\tGroup Name:\t\tAdministrators\r\n\tGroup Domain:\t\tBuiltin\r\n\r\nAdditional Information:\r\n\tPrivileges:\t\t-\""},"eventdata":{"memberSid":"S-1-5-21-365683523-1018791215-68183753-1001","targetUserName":"Administrators","targetDomainName":"Builtin","targetSid":"S-1-5-32-544","subjectUserSid":"S-1-5-21-365683523-1018791215-68183753-1000","subjectUserName":"sanji","subjectDomainName":"WIN10-CLEAN","subjectLogonId":"0x2ca80"}}},"location":"EventChannel"}
{"timestamp":"2026-09-24T18:50:30.095+0000","rule":{"level":3,"description":"PAM: Login session opened.","id":"5501","mitre":{"id":["T1078"],"tactic":["Defense Evasion","Persistence","Privilege Escalation","Initial Access"],"technique":["Valid Accounts"]},"firedtimes":48,"mail":false,"groups":["pam","syslog","authentication_success"],"pci_dss":["10.2.5"],"gpg13":["7.8","7.9"],"gdpr":["IV_32.2"],"hipaa":["164.312.b"],"nist_800_53":["AU.14","AC.7"],"tsc":["CC6.8","CC7.2","CC7.3"]},"agent":{"id":"000","name":"sanji"},"manager":{"name":"sanji"},"id":"1790275830.2511823","full_log":"Sep 24 18:50:30 sanji sshd[63622]: pam_unix(sshd:session): session opened for user sanji(uid=1000) by (uid=0)","predecoder":{"program_name":"sshd","timestamp":"Sep 24 18:50:30","hostname":"sanji"},"decoder":{"parent":"pam","name":"pam"},"data":{"dstuser":"sanji(uid=1000)","uid":"0"},"location":"journald"}
{"timestamp":"2026-09-24T18:50:30.095+0000","rule":{"level":3,"description":"sshd: authentication success.","id":"5715","mitre":{"id":["T1078","T1021"],"tactic":["Defense Evasion","Persistence","Privilege Escalation","Initial Access","Lateral Movement"],"technique":["Valid Accounts","Remote Services"]},"firedtimes":26,"mail":false,"groups":["syslog","sshd","authentication_success"],"gdpr":["IV_32.2"],"gpg13":["7.1","7.2"],"hipaa":["164.312.b"],"nist_800_53":["AU.14","AC.7"],"pci_dss":["10.2.5"],"tsc":["CC6.8","CC7.2","CC7.3"]},"agent":{"id":"000","name":"sanji"},"manager":{"name":"sanji"},"id":"1790275830.2512248","full_log":"Sep 24 18:50:30 sanji sshd[63622]: Accepted password for sanji from 192.168.1.37 port 49220 ssh2","predecoder":{"program_name":"sshd","timestamp":"Sep 24 18:50:30","hostname":"sanji"},"decoder":{"parent":"sshd","name":"sshd"},"data":{"srcip":"192.168.1.37","srcport":"49220","dstuser":"sanji"},"location":"journald"}
{"timestamp":"2026-09-24T18:50:32.097+0000","rule":{"level":3,"description":"PAM: Login session opened.","id":"5501","mitre":{"id":["T1078"],"tactic":["Defense Evasion","Persistence","Privilege Escalation","Initial Access"],"technique":["Valid Accounts"]},"firedtimes":49,"mail":false,"groups":["pam","syslog","authentication_success"],"pci_dss":["10.2.5"],"gpg13":["7.8","7.9"],"gdpr":["IV_32.2"],"hipaa":["164.312.b"],"nist_800_53":["AU.14","AC.7"],"tsc":["CC6.8","CC7.2","CC7.3"]},"agent":{"id":"000","name":"sanji"},"manager":{"name":"sanji"},"id":"1790275832.2512684","full_log":"Sep 24 18:50:30 sanji sudo[63684]: pam_unix(sudo:session): session opened for user root(uid=0) by (uid=1000)","predecoder":{"program_name":"sudo","timestamp":"Sep 24 18:50:30","hostname":"sanji"},"decoder":{"parent":"pam","name":"pam"},"data":{"dstuser":"root(uid=0)","uid":"1000"},"location":"journald"}
{"timestamp":"2026-09-24T18:50:32.097+0000","rule":{"level":3,"description":"Successful sudo to ROOT executed.","id":"5402","mitre":{"id":["T1548.003"],"tactic":["Privilege Escalation","Defense Evasion"],"technique":["Sudo and Sudo Caching"]},"firedtimes":23,"mail":false,"groups":["syslog","sudo"],"pci_dss":["10.2.5","10.2.2"],"gpg13":["7.6","7.8","7.13"],"gdpr":["IV_32.2"],"hipaa":["164.312.b"],"nist_800_53":["AU.14","AC.7","AC.6"],"tsc":["CC6.8","CC7.2","CC7.3"]},"agent":{"id":"000","name":"sanji"},"manager":{"name":"sanji"},"id":"1790275832.2513107","full_log":"Sep 24 18:50:30 sanji sudo[63684]:    sanji : PWD=/home/sanji ; USER=root ; COMMAND=/usr/bin/tail -n 40 /var/ossec/logs/alerts/alerts.log","predecoder":{"program_name":"sudo","timestamp":"Sep 24 18:50:30","hostname":"sanji"},"decoder":{"parent":"sudo","name":"sudo","ftscomment":"First time user executed the sudo command"},"data":{"srcuser":"sanji","dstuser":"root","pwd":"/home/sanji","command":"/usr/bin/tail -n 40 /var/ossec/logs/alerts/alerts.log"},"location":"journald"}
{"timestamp":"2026-09-24T18:50:32.097+0000","rule":{"level":3,"description":"PAM: Login session closed.","id":"5502","firedtimes":48,"mail":false,"groups":["pam","syslog"],"pci_dss":["10.2.5"],"gpg13":["7.8","7.9"],"gdpr":["IV_32.2"],"hipaa":["164.312.b"],"nist_800_53":["AU.14","AC.7"],"tsc":["CC6.8","CC7.2","CC7.3"]},"agent":{"id":"000","name":"sanji"},"manager":{"name":"sanji"},"id":"1790275832.2513650","full_log":"Sep 24 18:50:30 sanji sshd[63622]: pam_unix(sshd:session): session closed for user sanji","predecoder":{"program_name":"sshd","timestamp":"Sep 24 18:50:30","hostname":"sanji"},"decoder":{"parent":"pam","name":"pam"},"data":{"dstuser":"sanji"},"location":"journald"}
{"timestamp":"2026-09-24T18:50:32.097+0000","rule":{"level":3,"description":"PAM: Login session closed.","id":"5502","firedtimes":49,"mail":false,"groups":["pam","syslog"],"pci_dss":["10.2.5"],"gpg13":["7.8","7.9"],"gdpr":["IV_32.2"],"hipaa":["164.312.b"],"nist_800_53":["AU.14","AC.7"],"tsc":["CC6.8","CC7.2","CC7.3"]},"agent":{"id":"000","name":"sanji"},"manager":{"name":"sanji"},"id":"1790275832.2514014","full_log":"Sep 24 18:50:30 sanji sudo[63684]: pam_unix(sudo:session): session closed for user root","predecoder":{"program_name":"sudo","timestamp":"Sep 24 18:50:30","hostname":"sanji"},"decoder":{"parent":"pam","name":"pam"},"data":{"dstuser":"root"},"location":"journald"}
